InstantApps-Multifeaturesampleapp/base/build/outputs/logs/manifest-merger-debug-report.txt
-- Merging decision tree log ---
manifest
ADDED from src\main\AndroidManifest.xml:17:1-29:12
INJECTED from src\main\AndroidManifest.xml:17:1-29:12
INJECTED from src\main\AndroidManifest.xml:17:1-29:12
INJECTED from src\main\AndroidManifest.xml:17:1-29:12
INJECTED from src\main\AndroidManifest.xml:17:1-29:12
INJECTED from src\main\AndroidManifest.xml:17:1-29:12
INJECTED from src\main\AndroidManifest.xml:17:1-29:12
	package
		ADDED from src\main\AndroidManifest.xml:18:11-54
		INJECTED from src\main\AndroidManifest.xml
		INJECTED from src\main\AndroidManifest.xml
	android:versionName
		INJECTED from src\main\AndroidManifest.xml
		ADDED from src\main\AndroidManifest.xml:17:1-29:12
		INJECTED from src\main\AndroidManifest.xml
	android:versionCode
		INJECTED from src\main\AndroidManifest.xml
		ADDED from src\main\AndroidManifest.xml:17:1-29:12
		INJECTED from src\main\AndroidManifest.xml
	xmlns:android
		ADDED from src\main\AndroidManifest.xml:17:11-69
uses-permission#android.permission.INTERNET
ADDED from src\main\AndroidManifest.xml:20:5-67
	android:name
		ADDED from src\main\AndroidManifest.xml:20:22-64
uses-permission#android.permission.ACCESS_NETWORK_STATE
ADDED from src\main\AndroidManifest.xml:21:5-79
	android:name
		ADDED from src\main\AndroidManifest.xml:21:22-76
application
ADDED from src\main\AndroidManifest.xml:23:5-28:19
	android:label
		ADDED from src\main\AndroidManifest.xml:26:13-45
	android:icon
		ADDED from src\main\AndroidManifest.xml:25:13-47
	android:allowBackup
		ADDED from src\main\AndroidManifest.xml:24:13-39
	android:theme
		ADDED from src\main\AndroidManifest.xml:27:13-39
uses-sdk
INJECTED from src\main\AndroidManifest.xml reason: use-sdk injection requested
INJECTED from src\main\AndroidManifest.xml
INJECTED from src\main\AndroidManifest.xml
INJECTED from src\main\AndroidManifest.xml
INJECTED from src\main\AndroidManifest.xml
	android:targetSdkVersion
		INJECTED from src\main\AndroidManifest.xml
		ADDED from src\main\AndroidManifest.xml
		INJECTED from src\main\AndroidManifest.xml
	android:minSdkVersion
		INJECTED from src\main\AndroidManifest.xml
		ADDED from src\main\AndroidManifest.xml
		INJECTED from src\main\AndroidManifest.xml